agnes   1
luke    4
ethan   3
nate    4
kessarin    4
agnes   1
luke    2
ethan   4
nate    3
kessarin    3
luke    2
agnes   1
kessarin    4
kessarin    1
nate    3
luke    3
ethan   3
nate    1
kessarin    3
luke    2
agnes   1
kessarin    5
nate    2
luke    2
ethan   4
nate    3
kessarin    4
luke    2
agnes   1
kessarin    1
nate    2
luke    2
ethan   5
nate    3
kessarin    4
luke    2
agnes   4
kessarin    5
nate    5
agnes   3
kessarin    4
ethan   4
nate    4
luke    3
ethan   5
luke    1
ethan   4
